<?xml version="1.0" encoding="UTF-8"?>
<!-- Generated by org.testng.reporters.JUnitReportReporter -->
<testsuite hostname="Tittu" failures="0" tests="4" name="api.test.Usertests" time="4.738" errors="0" timestamp="2024-10-17T15:47:28 PDT" skipped="0">
  <testcase classname="api.test.Usertests" name="testpostmethod" time="2.891"/>
  <testcase classname="api.test.Usertests" name="testgetmethod" time="0.529"/>
  <testcase classname="api.test.Usertests" name="testputmethod" time="0.873"/>
  <testcase classname="api.test.Usertests" name="testdeletemethod" time="0.445"/>
</testsuite> <!-- api.test.Usertests -->
