<?xml version="1.0" encoding="UTF-8"?>
<!-- Generated by org.testng.reporters.JUnitReportReporter -->
<testsuite hostname="Tittu" failures="0" tests="6" name="api.test.datadriventest" time="4.555" errors="0" timestamp="2024-10-17T12:54:10 PDT" skipped="0">
  <testcase classname="api.test.datadriventest" name="dduserstest_post" time="0.415"/>
  <testcase classname="api.test.datadriventest" name="dduserstest_post" time="0.412"/>
  <testcase classname="api.test.datadriventest" name="dduserstest_post" time="2.437"/>
  <testcase classname="api.test.datadriventest" name="deleteallcreatedusers_indatabase" time="0.415"/>
  <testcase classname="api.test.datadriventest" name="deleteallcreatedusers_indatabase" time="0.460"/>
  <testcase classname="api.test.datadriventest" name="deleteallcreatedusers_indatabase" time="0.416"/>
</testsuite> <!-- api.test.datadriventest -->
