<?xml version="1.0" encoding="UTF-8"?>
<!-- Generated by org.testng.reporters.JUnitReportReporter -->
<testsuite hostname="Tittu" failures="0" tests="4" name="api.test.Usertests2" time="4.906" errors="0" timestamp="2024-10-17T16:30:57 PDT" skipped="0">
  <testcase classname="api.test.Usertests2" name="testpostmethod" time="2.877"/>
  <testcase classname="api.test.Usertests2" name="testgetmethod" time="0.445"/>
  <testcase classname="api.test.Usertests2" name="testputmethod" time="1.155"/>
  <testcase classname="api.test.Usertests2" name="testdeletemethod" time="0.429"/>
</testsuite> <!-- api.test.Usertests2 -->
